0 info it worked if it ends with ok
1 verbose cli [ '/usr/local/bin/node',
1 verbose cli   '/usr/local/bin/npm',
1 verbose cli   'install',
1 verbose cli   '-',
1 verbose cli   'bower' ]
2 info using npm@2.14.6
3 info using node@v4.1.2
4 verbose install initial load of /Users/bcrosby/Desktop/RubyRails/sourceCode/package.json
5 verbose installManyTop reading scoped package data from /Users/bcrosby/Desktop/RubyRails/sourceCode/node_modules/ember/package.json
6 verbose installManyTop reading scoped package data from /Users/bcrosby/Desktop/RubyRails/sourceCode/node_modules/ember-cli-fill-murray-croz1007/package.json
7 verbose installManyTop reading scoped package data from /Users/bcrosby/Desktop/RubyRails/sourceCode/node_modules/handlebars/package.json
8 info package.json ember-cli-fill-murray-croz1007@0.1.0 No repository field.
9 info package.json ember@0.9.8 No license field.
10 verbose readDependencies loading dependencies from /Users/bcrosby/Desktop/RubyRails/sourceCode/package.json
11 silly cache add args [ '-', null ]
12 verbose cache add spec -
13 silly cache add args [ 'bower', null ]
14 verbose cache add spec bower
15 silly cache add parsed spec Result {
15 silly cache add   raw: '-',
15 silly cache add   scope: null,
15 silly cache add   name: null,
15 silly cache add   rawSpec: '-',
15 silly cache add   spec: '/Users/bcrosby/Desktop/RubyRails/sourceCode/Shiny/stripe_integration/-',
15 silly cache add   type: 'local' }
16 silly cache add parsed spec Result {
16 silly cache add   raw: 'bower',
16 silly cache add   scope: null,
16 silly cache add   name: 'bower',
16 silly cache add   rawSpec: '',
16 silly cache add   spec: '*',
16 silly cache add   type: 'range' }
17 silly addNamed bower@*
18 verbose addNamed "*" is a valid semver range for bower
19 silly addNameRange { name: 'bower', range: '*', hasData: false }
20 silly mapToRegistry name bower
21 silly mapToRegistry using default registry
22 silly mapToRegistry registry https://registry.npmjs.org/
23 silly mapToRegistry uri https://registry.npmjs.org/bower
24 verbose addNameRange registry:https://registry.npmjs.org/bower not in flight; fetching
25 error addLocal Could not install /Users/bcrosby/Desktop/RubyRails/sourceCode/Shiny/stripe_integration/-
26 verbose request uri https://registry.npmjs.org/bower
27 verbose request no auth needed
28 info attempt registry request try #1 at 8:10:18 AM
29 verbose request id 4057d2aeeab5bf4b
30 verbose etag "899RLH3RLOEUE1DZ304PPX4PP"
31 http request GET https://registry.npmjs.org/bower
32 http 304 https://registry.npmjs.org/bower
33 verbose headers { date: 'Tue, 24 Nov 2015 13:09:35 GMT',
33 verbose headers   via: '1.1 varnish',
33 verbose headers   'cache-control': 'max-age=60',
33 verbose headers   etag: '"899RLH3RLOEUE1DZ304PPX4PP"',
33 verbose headers   age: '59',
33 verbose headers   connection: 'keep-alive',
33 verbose headers   'x-served-by': 'cache-atl6225-ATL',
33 verbose headers   'x-cache': 'HIT',
33 verbose headers   'x-cache-hits': '1',
33 verbose headers   'x-timer': 'S1448370575.784963,VS0,VE0',
33 verbose headers   vary: 'Accept' }
34 silly get cb [ 304,
34 silly get   { date: 'Tue, 24 Nov 2015 13:09:35 GMT',
34 silly get     via: '1.1 varnish',
34 silly get     'cache-control': 'max-age=60',
34 silly get     etag: '"899RLH3RLOEUE1DZ304PPX4PP"',
34 silly get     age: '59',
34 silly get     connection: 'keep-alive',
34 silly get     'x-served-by': 'cache-atl6225-ATL',
34 silly get     'x-cache': 'HIT',
34 silly get     'x-cache-hits': '1',
34 silly get     'x-timer': 'S1448370575.784963,VS0,VE0',
34 silly get     vary: 'Accept' } ]
35 verbose etag https://registry.npmjs.org/bower from cache
36 verbose get saving bower to /Users/bcrosby/.npm/registry.npmjs.org/bower/.cache.json
37 silly addNameRange number 2 { name: 'bower', range: '*', hasData: true }
38 silly addNameRange versions [ 'bower',
38 silly addNameRange   [ '0.1.0',
38 silly addNameRange     '0.1.2',
38 silly addNameRange     '0.1.3',
38 silly addNameRange     '0.2.0',
38 silly addNameRange     '0.3.0',
38 silly addNameRange     '0.3.1',
38 silly addNameRange     '0.3.2',
38 silly addNameRange     '0.4.0',
38 silly addNameRange     '0.5.0',
38 silly addNameRange     '0.5.1',
38 silly addNameRange     '0.6.0',
38 silly addNameRange     '0.6.1',
38 silly addNameRange     '0.6.2',
38 silly addNameRange     '0.6.3',
38 silly addNameRange     '0.6.4',
38 silly addNameRange     '0.6.5',
38 silly addNameRange     '0.6.6',
38 silly addNameRange     '0.6.7',
38 silly addNameRange     '0.6.8',
38 silly addNameRange     '0.7.0',
38 silly addNameRange     '0.7.1',
38 silly addNameRange     '0.8.0',
38 silly addNameRange     '0.8.1',
38 silly addNameRange     '0.8.2',
38 silly addNameRange     '0.8.3',
38 silly addNameRange     '0.8.4',
38 silly addNameRange     '0.8.5',
38 silly addNameRange     '0.8.6',
38 silly addNameRange     '0.9.0',
38 silly addNameRange     '0.9.1',
38 silly addNameRange     '0.9.2',
38 silly addNameRange     '0.10.0',
38 silly addNameRange     '1.0.0',
38 silly addNameRange     '1.0.1',
38 silly addNameRange     '1.0.2',
38 silly addNameRange     '1.0.3',
38 silly addNameRange     '1.1.0',
38 silly addNameRange     '1.1.1',
38 silly addNameRange     '1.1.2',
38 silly addNameRange     '1.2.0',
38 silly addNameRange     '1.2.1',
38 silly addNameRange     '1.2.2',
38 silly addNameRange     '1.2.3',
38 silly addNameRange     '1.2.4',
38 silly addNameRange     '1.2.5',
38 silly addNameRange     '1.2.6',
38 silly addNameRange     '1.2.7',
38 silly addNameRange     '1.2.8',
38 silly addNameRange     '1.3.0',
38 silly addNameRange     '1.3.1',
38 silly addNameRange     '1.3.2',
38 silly addNameRange     '1.3.3',
38 silly addNameRange     '1.3.4',
38 silly addNameRange     '1.3.5',
38 silly addNameRange     '1.3.6',
38 silly addNameRange     '1.3.7',
38 silly addNameRange     '1.3.8',
38 silly addNameRange     '1.3.9',
38 silly addNameRange     '1.3.10',
38 silly addNameRange     '1.3.11',
38 silly addNameRange     '1.3.12',
38 silly addNameRange     '1.4.0',
38 silly addNameRange     '1.4.1',
38 silly addNameRange     '1.5.0',
38 silly addNameRange     '1.5.1',
38 silly addNameRange     '1.5.2',
38 silly addNameRange     '1.5.3',
38 silly addNameRange     '1.6.2',
38 silly addNameRange     '1.6.3',
38 silly addNameRange     '1.6.4',
38 silly addNameRange     '1.6.5' ] ]
39 silly addNamed bower@1.6.5
40 verbose addNamed "1.6.5" is a plain semver version for bower
41 silly cache afterAdd bower@1.6.5
42 verbose afterAdd /Users/bcrosby/.npm/bower/1.6.5/package/package.json not in flight; writing
43 verbose afterAdd /Users/bcrosby/.npm/bower/1.6.5/package/package.json written
44 verbose stack Error: ENOENT: no such file or directory, open '/Users/bcrosby/Desktop/RubyRails/sourceCode/Shiny/stripe_integration/-'
44 verbose stack     at Error (native)
45 verbose cwd /Users/bcrosby/Desktop/RubyRails/sourceCode/Shiny/stripe_integration
46 error Darwin 14.5.0
47 error argv "/usr/local/bin/node" "/usr/local/bin/npm" "install" "-" "bower"
48 error node v4.1.2
49 error npm  v2.14.6
50 error path /Users/bcrosby/Desktop/RubyRails/sourceCode/Shiny/stripe_integration/-
51 error code ENOENT
52 error errno -2
53 error syscall open
54 error enoent ENOENT: no such file or directory, open '/Users/bcrosby/Desktop/RubyRails/sourceCode/Shiny/stripe_integration/-'
54 error enoent This is most likely not a problem with npm itself
54 error enoent and is related to npm not being able to find a file.
55 verbose exit [ -2, true ]
